<?xml version="1.0" encoding="UTF-8"?>
<coverage generated="1587229316303" clover="3.2.0">
  <project timestamp="1587229316304" name="All files">
    <metrics statements="58" coveredstatements="58" conditionals="60" coveredconditionals="58" methods="14" coveredmethods="14" elements="132" coveredelements="130" complexity="0" loc="58" ncloc="58" packages="1" files="1" classes="1"/>
    <file name="index.js" path="D:\UtilityDev\type-insurance\src\index.js">
      <metrics statements="58" coveredstatements="58" conditionals="60" coveredconditionals="58" methods="14" coveredmethods="14"/>
      <line num="6" count="12" type="stmt"/>
      <line num="8" count="12" type="cond" truecount="4" falsecount="0"/>
      <line num="9" count="1" type="stmt"/>
      <line num="10" count="11" type="cond" truecount="2" falsecount="0"/>
      <line num="11" count="1" type="stmt"/>
      <line num="12" count="10" type="cond" truecount="4" falsecount="0"/>
      <line num="13" count="4" type="cond" truecount="2" falsecount="0"/>
      <line num="14" count="2" type="stmt"/>
      <line num="16" count="2" type="cond" truecount="2" falsecount="0"/>
      <line num="17" count="1" type="stmt"/>
      <line num="18" count="1" type="cond" truecount="1" falsecount="1"/>
      <line num="19" count="1" type="stmt"/>
      <line num="20" count="3" type="stmt"/>
      <line num="21" count="3" type="stmt"/>
      <line num="25" count="6" type="cond" truecount="2" falsecount="0"/>
      <line num="30" count="26" type="stmt"/>
      <line num="32" count="26" type="cond" truecount="4" falsecount="0"/>
      <line num="33" count="1" type="stmt"/>
      <line num="34" count="25" type="cond" truecount="2" falsecount="0"/>
      <line num="35" count="6" type="stmt"/>
      <line num="36" count="21" type="cond" truecount="5" falsecount="0"/>
      <line num="37" count="2" type="stmt"/>
      <line num="39" count="19" type="cond" truecount="2" falsecount="0"/>
      <line num="44" count="12" type="cond" truecount="4" falsecount="0"/>
      <line num="45" count="3" type="stmt"/>
      <line num="47" count="9" type="stmt"/>
      <line num="52" count="12" type="cond" truecount="2" falsecount="0"/>
      <line num="53" count="2" type="stmt"/>
      <line num="54" count="10" type="cond" truecount="4" falsecount="0"/>
      <line num="55" count="2" type="stmt"/>
      <line num="56" count="8" type="cond" truecount="5" falsecount="0"/>
      <line num="57" count="5" type="stmt"/>
      <line num="59" count="3" type="stmt"/>
      <line num="64" count="12" type="stmt"/>
      <line num="66" count="12" type="cond" truecount="5" falsecount="0"/>
      <line num="67" count="3" type="stmt"/>
      <line num="68" count="9" type="cond" truecount="4" falsecount="0"/>
      <line num="69" count="2" type="stmt"/>
      <line num="70" count="7" type="cond" truecount="2" falsecount="0"/>
      <line num="71" count="2" type="stmt"/>
      <line num="73" count="5" type="stmt"/>
      <line num="79" count="12" type="stmt"/>
      <line num="81" count="12" type="cond" truecount="1" falsecount="1"/>
      <line num="84" count="12" type="stmt"/>
      <line num="85" count="12" type="stmt"/>
      <line num="86" count="12" type="stmt"/>
      <line num="87" count="12" type="stmt"/>
      <line num="88" count="12" type="stmt"/>
      <line num="92" count="12" type="stmt"/>
      <line num="93" count="12" type="stmt"/>
      <line num="97" count="12" type="stmt"/>
      <line num="98" count="12" type="stmt"/>
      <line num="102" count="12" type="stmt"/>
      <line num="103" count="12" type="stmt"/>
      <line num="107" count="12" type="stmt"/>
      <line num="108" count="12" type="stmt"/>
      <line num="112" count="12" type="stmt"/>
      <line num="113" count="12" type="stmt"/>
    </file>
  </project>
</coverage>
