<?xml version="1.0" encoding="UTF-8"?>
<coverage generated="1587227534262" clover="3.2.0">
  <project timestamp="1587227534262" name="All files">
    <metrics statements="81" coveredstatements="81" conditionals="99" coveredconditionals="76" methods="28" coveredmethods="25" elements="208" coveredelements="182" complexity="0" loc="81" ncloc="81" packages="1" files="1" classes="1"/>
    <file name="index.js" path="D:\UtilityDev\type-insurance\index.js">
      <metrics statements="81" coveredstatements="81" conditionals="99" coveredconditionals="76" methods="28" coveredmethods="25"/>
      <line num="3" count="1" type="stmt"/>
      <line num="6" count="1" type="stmt"/>
      <line num="8" count="1" type="stmt"/>
      <line num="10" count="1" type="stmt"/>
      <line num="12" count="1" type="stmt"/>
      <line num="14" count="3" type="cond" truecount="3" falsecount="1"/>
      <line num="16" count="12" type="cond" truecount="1" falsecount="1"/>
      <line num="18" count="5" type="cond" truecount="3" falsecount="1"/>
      <line num="20" count="1" type="cond" truecount="2" falsecount="2"/>
      <line num="22" count="2" type="cond" truecount="2" falsecount="2"/>
      <line num="24" count="3" type="cond" truecount="2" falsecount="4"/>
      <line num="26" count="8" type="cond" truecount="1" falsecount="1"/>
      <line num="28" count="52" type="cond" truecount="3" falsecount="7"/>
      <line num="31" count="12" type="stmt"/>
      <line num="33" count="12" type="cond" truecount="4" falsecount="0"/>
      <line num="34" count="1" type="stmt"/>
      <line num="35" count="11" type="cond" truecount="2" falsecount="0"/>
      <line num="36" count="1" type="stmt"/>
      <line num="37" count="10" type="cond" truecount="4" falsecount="0"/>
      <line num="38" count="4" type="cond" truecount="2" falsecount="0"/>
      <line num="39" count="2" type="stmt"/>
      <line num="41" count="2" type="cond" truecount="2" falsecount="0"/>
      <line num="42" count="1" type="stmt"/>
      <line num="43" count="1" type="cond" truecount="1" falsecount="1"/>
      <line num="44" count="1" type="stmt"/>
      <line num="45" count="1" type="stmt"/>
      <line num="46" count="3" type="stmt"/>
      <line num="48" count="1" type="stmt"/>
      <line num="49" count="3" type="stmt"/>
      <line num="54" count="6" type="cond" truecount="2" falsecount="0"/>
      <line num="59" count="26" type="stmt"/>
      <line num="61" count="26" type="cond" truecount="4" falsecount="0"/>
      <line num="62" count="1" type="stmt"/>
      <line num="63" count="25" type="cond" truecount="2" falsecount="0"/>
      <line num="64" count="4" type="stmt"/>
      <line num="65" count="6" type="stmt"/>
      <line num="67" count="21" type="cond" truecount="5" falsecount="0"/>
      <line num="68" count="2" type="stmt"/>
      <line num="70" count="19" type="cond" truecount="2" falsecount="0"/>
      <line num="75" count="12" type="cond" truecount="4" falsecount="0"/>
      <line num="76" count="3" type="stmt"/>
      <line num="78" count="9" type="stmt"/>
      <line num="83" count="12" type="cond" truecount="2" falsecount="0"/>
      <line num="84" count="2" type="stmt"/>
      <line num="85" count="10" type="cond" truecount="4" falsecount="0"/>
      <line num="86" count="2" type="stmt"/>
      <line num="87" count="8" type="cond" truecount="5" falsecount="0"/>
      <line num="88" count="5" type="stmt"/>
      <line num="90" count="3" type="stmt"/>
      <line num="95" count="12" type="stmt"/>
      <line num="97" count="12" type="cond" truecount="5" falsecount="0"/>
      <line num="98" count="3" type="stmt"/>
      <line num="99" count="9" type="cond" truecount="4" falsecount="0"/>
      <line num="100" count="2" type="stmt"/>
      <line num="101" count="7" type="cond" truecount="2" falsecount="0"/>
      <line num="102" count="2" type="stmt"/>
      <line num="104" count="5" type="stmt"/>
      <line num="108" count="1" type="stmt"/>
      <line num="110" count="12" type="cond" truecount="2" falsecount="2"/>
      <line num="112" count="12" type="stmt"/>
      <line num="114" count="12" type="stmt"/>
      <line num="115" count="12" type="cond" truecount="1" falsecount="1"/>
      <line num="118" count="12" type="stmt"/>
      <line num="119" count="12" type="stmt"/>
      <line num="120" count="12" type="stmt"/>
      <line num="121" count="12" type="stmt"/>
      <line num="122" count="12" type="stmt"/>
      <line num="125" count="1" type="stmt"/>
      <line num="128" count="12" type="stmt"/>
      <line num="129" count="12" type="stmt"/>
      <line num="134" count="12" type="stmt"/>
      <line num="135" count="12" type="stmt"/>
      <line num="140" count="12" type="stmt"/>
      <line num="141" count="12" type="stmt"/>
      <line num="146" count="12" type="stmt"/>
      <line num="147" count="12" type="stmt"/>
      <line num="152" count="12" type="stmt"/>
      <line num="153" count="12" type="stmt"/>
      <line num="154" count="12" type="stmt"/>
      <line num="158" count="1" type="stmt"/>
      <line num="161" count="1" type="stmt"/>
    </file>
  </project>
</coverage>
