{"D:\\UtilityDev\\type-insurance\\index.js": {"path":"D:\\UtilityDev\\type-insurance\\index.js","statementMap":{"0":{"start":{"line":3,"column":0},"end":{"line":5,"column":3}},"1":{"start":{"line":6,"column":0},"end":{"line":6,"column":28}},"2":{"start":{"line":8,"column":15},"end":{"line":8,"column":64}},"3":{"start":{"line":10,"column":12},"end":{"line":10,"column":54}},"4":{"start":{"line":12,"column":19},"end":{"line":12,"column":65}},"5":{"start":{"line":14,"column":39},"end":{"line":14,"column":95}},"6":{"start":{"line":16,"column":50},"end":{"line":16,"column":151}},"7":{"start":{"line":16,"column":92},"end":{"line":16,"column":149}},"8":{"start":{"line":18,"column":44},"end":{"line":18,"column":315}},"9":{"start":{"line":18,"column":57},"end":{"line":18,"column":58}},"10":{"start":{"line":18,"column":102},"end":{"line":18,"column":110}},"11":{"start":{"line":18,"column":112},"end":{"line":18,"column":167}},"12":{"start":{"line":18,"column":168},"end":{"line":18,"column":199}},"13":{"start":{"line":18,"column":200},"end":{"line":18,"column":254}},"14":{"start":{"line":18,"column":227},"end":{"line":18,"column":254}},"15":{"start":{"line":18,"column":255},"end":{"line":18,"column":313}},"16":{"start":{"line":20,"column":62},"end":{"line":20,"column":131}},"17":{"start":{"line":20,"column":78},"end":{"line":20,"column":131}},"18":{"start":{"line":20,"column":132},"end":{"line":20,"column":193}},"19":{"start":{"line":20,"column":149},"end":{"line":20,"column":193}},"20":{"start":{"line":20,"column":194},"end":{"line":20,"column":213}},"21":{"start":{"line":22,"column":54},"end":{"line":22,"column":73}},"22":{"start":{"line":22,"column":75},"end":{"line":22,"column":326}},"23":{"start":{"line":22,"column":125},"end":{"line":22,"column":161}},"24":{"start":{"line":22,"column":163},"end":{"line":22,"column":292}},"25":{"start":{"line":22,"column":183},"end":{"line":22,"column":292}},"26":{"start":{"line":22,"column":225},"end":{"line":22,"column":288}},"27":{"start":{"line":22,"column":293},"end":{"line":22,"column":324}},"28":{"start":{"line":22,"column":327},"end":{"line":22,"column":339}},"29":{"start":{"line":24,"column":33},"end":{"line":24,"column":517}},"30":{"start":{"line":24,"column":46},"end":{"line":24,"column":47}},"31":{"start":{"line":24,"column":91},"end":{"line":24,"column":131}},"32":{"start":{"line":24,"column":133},"end":{"line":24,"column":515}},"33":{"start":{"line":24,"column":146},"end":{"line":24,"column":247}},"34":{"start":{"line":24,"column":201},"end":{"line":24,"column":243}},"35":{"start":{"line":24,"column":255},"end":{"line":24,"column":515}},"36":{"start":{"line":24,"column":295},"end":{"line":24,"column":369}},"37":{"start":{"line":24,"column":379},"end":{"line":24,"column":513}},"38":{"start":{"line":24,"column":428},"end":{"line":24,"column":509}},"39":{"start":{"line":24,"column":518},"end":{"line":24,"column":532}},"40":{"start":{"line":26,"column":44},"end":{"line":26,"column":195}},"41":{"start":{"line":26,"column":62},"end":{"line":26,"column":166}},"42":{"start":{"line":26,"column":176},"end":{"line":26,"column":193}},"43":{"start":{"line":26,"column":196},"end":{"line":26,"column":207}},"44":{"start":{"line":28,"column":51},"end":{"line":28,"column":355}},"45":{"start":{"line":28,"column":126},"end":{"line":28,"column":181}},"46":{"start":{"line":28,"column":160},"end":{"line":28,"column":178}},"47":{"start":{"line":28,"column":191},"end":{"line":28,"column":353}},"48":{"start":{"line":28,"column":225},"end":{"line":28,"column":350}},"49":{"start":{"line":28,"column":356},"end":{"line":28,"column":376}},"50":{"start":{"line":31,"column":16},"end":{"line":31,"column":36}},"51":{"start":{"line":33,"column":2},"end":{"line":55,"column":3}},"52":{"start":{"line":34,"column":4},"end":{"line":34,"column":19}},"53":{"start":{"line":35,"column":9},"end":{"line":55,"column":3}},"54":{"start":{"line":36,"column":4},"end":{"line":36,"column":15}},"55":{"start":{"line":37,"column":9},"end":{"line":55,"column":3}},"56":{"start":{"line":38,"column":4},"end":{"line":52,"column":5}},"57":{"start":{"line":39,"column":6},"end":{"line":39,"column":16}},"58":{"start":{"line":41,"column":6},"end":{"line":51,"column":7}},"59":{"start":{"line":42,"column":8},"end":{"line":42,"column":49}},"60":{"start":{"line":43,"column":13},"end":{"line":51,"column":7}},"61":{"start":{"line":44,"column":21},"end":{"line":44,"column":41}},"62":{"start":{"line":45,"column":22},"end":{"line":47,"column":10}},"63":{"start":{"line":46,"column":10},"end":{"line":46,"column":32}},"64":{"start":{"line":48,"column":8},"end":{"line":50,"column":28}},"65":{"start":{"line":49,"column":10},"end":{"line":49,"column":34}},"66":{"start":{"line":54,"column":4},"end":{"line":54,"column":35}},"67":{"start":{"line":59,"column":16},"end":{"line":59,"column":36}},"68":{"start":{"line":61,"column":2},"end":{"line":71,"column":3}},"69":{"start":{"line":62,"column":4},"end":{"line":62,"column":96}},"70":{"start":{"line":63,"column":9},"end":{"line":71,"column":3}},"71":{"start":{"line":64,"column":4},"end":{"line":66,"column":10}},"72":{"start":{"line":65,"column":6},"end":{"line":65,"column":43}},"73":{"start":{"line":67,"column":9},"end":{"line":71,"column":3}},"74":{"start":{"line":68,"column":4},"end":{"line":68,"column":44}},"75":{"start":{"line":70,"column":4},"end":{"line":70,"column":30}},"76":{"start":{"line":75,"column":2},"end":{"line":79,"column":3}},"77":{"start":{"line":76,"column":4},"end":{"line":76,"column":17}},"78":{"start":{"line":78,"column":4},"end":{"line":78,"column":19}},"79":{"start":{"line":83,"column":2},"end":{"line":91,"column":3}},"80":{"start":{"line":84,"column":4},"end":{"line":84,"column":17}},"81":{"start":{"line":85,"column":9},"end":{"line":91,"column":3}},"82":{"start":{"line":86,"column":4},"end":{"line":86,"column":32}},"83":{"start":{"line":87,"column":9},"end":{"line":91,"column":3}},"84":{"start":{"line":88,"column":4},"end":{"line":88,"column":19}},"85":{"start":{"line":90,"column":4},"end":{"line":90,"column":14}},"86":{"start":{"line":95,"column":16},"end":{"line":95,"column":36}},"87":{"start":{"line":97,"column":2},"end":{"line":105,"column":3}},"88":{"start":{"line":98,"column":4},"end":{"line":98,"column":14}},"89":{"start":{"line":99,"column":9},"end":{"line":105,"column":3}},"90":{"start":{"line":100,"column":4},"end":{"line":100,"column":17}},"91":{"start":{"line":101,"column":9},"end":{"line":105,"column":3}},"92":{"start":{"line":102,"column":4},"end":{"line":102,"column":36}},"93":{"start":{"line":104,"column":4},"end":{"line":104,"column":50}},"94":{"start":{"line":108,"column":33},"end":{"line":159,"column":3}},"95":{"start":{"line":110,"column":18},"end":{"line":110,"column":88}},"96":{"start":{"line":112,"column":4},"end":{"line":112,"column":41}},"97":{"start":{"line":114,"column":4},"end":{"line":114,"column":23}},"98":{"start":{"line":115,"column":4},"end":{"line":117,"column":15}},"99":{"start":{"line":118,"column":4},"end":{"line":118,"column":33}},"100":{"start":{"line":119,"column":4},"end":{"line":119,"column":33}},"101":{"start":{"line":120,"column":4},"end":{"line":120,"column":38}},"102":{"start":{"line":121,"column":4},"end":{"line":121,"column":31}},"103":{"start":{"line":122,"column":4},"end":{"line":122,"column":33}},"104":{"start":{"line":125,"column":2},"end":{"line":156,"column":6}},"105":{"start":{"line":128,"column":18},"end":{"line":128,"column":28}},"106":{"start":{"line":129,"column":6},"end":{"line":129,"column":31}},"107":{"start":{"line":134,"column":18},"end":{"line":134,"column":28}},"108":{"start":{"line":135,"column":6},"end":{"line":135,"column":31}},"109":{"start":{"line":140,"column":18},"end":{"line":140,"column":28}},"110":{"start":{"line":141,"column":6},"end":{"line":141,"column":32}},"111":{"start":{"line":146,"column":18},"end":{"line":146,"column":28}},"112":{"start":{"line":147,"column":6},"end":{"line":147,"column":30}},"113":{"start":{"line":152,"column":18},"end":{"line":152,"column":28}},"114":{"start":{"line":153,"column":23},"end":{"line":153,"column":38}},"115":{"start":{"line":154,"column":6},"end":{"line":154,"column":43}},"116":{"start":{"line":158,"column":2},"end":{"line":158,"column":23}},"117":{"start":{"line":161,"column":0},"end":{"line":161,"column":35}}},"fnMap":{"0":{"name":"_interopRequireDefault","decl":{"start":{"line":14,"column":9},"end":{"line":14,"column":31}},"loc":{"start":{"line":14,"column":37},"end":{"line":14,"column":97}},"line":14},"1":{"name":"_classCallCheck","decl":{"start":{"line":16,"column":9},"end":{"line":16,"column":24}},"loc":{"start":{"line":16,"column":48},"end":{"line":16,"column":153}},"line":16},"2":{"name":"_defineProperties","decl":{"start":{"line":18,"column":9},"end":{"line":18,"column":26}},"loc":{"start":{"line":18,"column":42},"end":{"line":18,"column":317}},"line":18},"3":{"name":"_createClass","decl":{"start":{"line":20,"column":9},"end":{"line":20,"column":21}},"loc":{"start":{"line":20,"column":60},"end":{"line":20,"column":215}},"line":20},"4":{"name":"ownKeys","decl":{"start":{"line":22,"column":9},"end":{"line":22,"column":16}},"loc":{"start":{"line":22,"column":41},"end":{"line":22,"column":341}},"line":22},"5":{"name":"(anonymous_5)","decl":{"start":{"line":22,"column":208},"end":{"line":22,"column":209}},"loc":{"start":{"line":22,"column":223},"end":{"line":22,"column":290}},"line":22},"6":{"name":"_objectSpread","decl":{"start":{"line":24,"column":9},"end":{"line":24,"column":22}},"loc":{"start":{"line":24,"column":31},"end":{"line":24,"column":534}},"line":24},"7":{"name":"(anonymous_7)","decl":{"start":{"line":24,"column":184},"end":{"line":24,"column":185}},"loc":{"start":{"line":24,"column":199},"end":{"line":24,"column":245}},"line":24},"8":{"name":"(anonymous_8)","decl":{"start":{"line":24,"column":411},"end":{"line":24,"column":412}},"loc":{"start":{"line":24,"column":426},"end":{"line":24,"column":511}},"line":24},"9":{"name":"_defineProperty","decl":{"start":{"line":26,"column":9},"end":{"line":26,"column":24}},"loc":{"start":{"line":26,"column":42},"end":{"line":26,"column":209}},"line":26},"10":{"name":"_typeof","decl":{"start":{"line":28,"column":9},"end":{"line":28,"column":16}},"loc":{"start":{"line":28,"column":22},"end":{"line":28,"column":378}},"line":28},"11":{"name":"_typeof","decl":{"start":{"line":28,"column":145},"end":{"line":28,"column":152}},"loc":{"start":{"line":28,"column":158},"end":{"line":28,"column":180}},"line":28},"12":{"name":"_typeof","decl":{"start":{"line":28,"column":210},"end":{"line":28,"column":217}},"loc":{"start":{"line":28,"column":223},"end":{"line":28,"column":352}},"line":28},"13":{"name":"castString","decl":{"start":{"line":30,"column":9},"end":{"line":30,"column":19}},"loc":{"start":{"line":30,"column":27},"end":{"line":56,"column":1}},"line":30},"14":{"name":"(anonymous_14)","decl":{"start":{"line":45,"column":45},"end":{"line":45,"column":46}},"loc":{"start":{"line":45,"column":61},"end":{"line":47,"column":9}},"line":45},"15":{"name":"(anonymous_15)","decl":{"start":{"line":48,"column":38},"end":{"line":48,"column":39}},"loc":{"start":{"line":48,"column":55},"end":{"line":50,"column":9}},"line":48},"16":{"name":"castNumber","decl":{"start":{"line":58,"column":9},"end":{"line":58,"column":19}},"loc":{"start":{"line":58,"column":27},"end":{"line":72,"column":1}},"line":58},"17":{"name":"(anonymous_17)","decl":{"start":{"line":64,"column":24},"end":{"line":64,"column":25}},"loc":{"start":{"line":64,"column":40},"end":{"line":66,"column":5}},"line":64},"18":{"name":"castBoolean","decl":{"start":{"line":74,"column":9},"end":{"line":74,"column":20}},"loc":{"start":{"line":74,"column":28},"end":{"line":80,"column":1}},"line":74},"19":{"name":"castArray","decl":{"start":{"line":82,"column":9},"end":{"line":82,"column":18}},"loc":{"start":{"line":82,"column":26},"end":{"line":92,"column":1}},"line":82},"20":{"name":"castObject","decl":{"start":{"line":94,"column":9},"end":{"line":94,"column":19}},"loc":{"start":{"line":94,"column":39},"end":{"line":106,"column":1}},"line":94},"21":{"name":"(anonymous_21)","decl":{"start":{"line":108,"column":33},"end":{"line":108,"column":34}},"loc":{"start":{"line":108,"column":45},"end":{"line":159,"column":1}},"line":108},"22":{"name":"TypeInsurance","decl":{"start":{"line":109,"column":11},"end":{"line":109,"column":24}},"loc":{"start":{"line":109,"column":32},"end":{"line":123,"column":3}},"line":109},"23":{"name":"_string","decl":{"start":{"line":127,"column":20},"end":{"line":127,"column":27}},"loc":{"start":{"line":127,"column":30},"end":{"line":130,"column":5}},"line":127},"24":{"name":"_number","decl":{"start":{"line":133,"column":20},"end":{"line":133,"column":27}},"loc":{"start":{"line":133,"column":30},"end":{"line":136,"column":5}},"line":133},"25":{"name":"_boolean","decl":{"start":{"line":139,"column":20},"end":{"line":139,"column":28}},"loc":{"start":{"line":139,"column":31},"end":{"line":142,"column":5}},"line":139},"26":{"name":"_array","decl":{"start":{"line":145,"column":20},"end":{"line":145,"column":26}},"loc":{"start":{"line":145,"column":29},"end":{"line":148,"column":5}},"line":145},"27":{"name":"_object","decl":{"start":{"line":151,"column":20},"end":{"line":151,"column":27}},"loc":{"start":{"line":151,"column":30},"end":{"line":155,"column":5}},"line":151}},"branchMap":{"0":{"loc":{"start":{"line":14,"column":46},"end":{"line":14,"column":94}},"type":"cond-expr","locations":[{"start":{"line":14,"column":70},"end":{"line":14,"column":73}},{"start":{"line":14,"column":76},"end":{"line":14,"column":94}}],"line":14},"1":{"loc":{"start":{"line":14,"column":46},"end":{"line":14,"column":67}},"type":"binary-expr","locations":[{"start":{"line":14,"column":46},"end":{"line":14,"column":49}},{"start":{"line":14,"column":53},"end":{"line":14,"column":67}}],"line":14},"2":{"loc":{"start":{"line":16,"column":50},"end":{"line":16,"column":151}},"type":"if","locations":[{"start":{"line":16,"column":50},"end":{"line":16,"column":151}},{"start":{"line":16,"column":50},"end":{"line":16,"column":151}}],"line":16},"3":{"loc":{"start":{"line":18,"column":136},"end":{"line":18,"column":166}},"type":"binary-expr","locations":[{"start":{"line":18,"column":136},"end":{"line":18,"column":157}},{"start":{"line":18,"column":161},"end":{"line":18,"column":166}}],"line":18},"4":{"loc":{"start":{"line":18,"column":200},"end":{"line":18,"column":254}},"type":"if","locations":[{"start":{"line":18,"column":200},"end":{"line":18,"column":254}},{"start":{"line":18,"column":200},"end":{"line":18,"column":254}}],"line":18},"5":{"loc":{"start":{"line":20,"column":62},"end":{"line":20,"column":131}},"type":"if","locations":[{"start":{"line":20,"column":62},"end":{"line":20,"column":131}},{"start":{"line":20,"column":62},"end":{"line":20,"column":131}}],"line":20},"6":{"loc":{"start":{"line":20,"column":132},"end":{"line":20,"column":193}},"type":"if","locations":[{"start":{"line":20,"column":132},"end":{"line":20,"column":193}},{"start":{"line":20,"column":132},"end":{"line":20,"column":193}}],"line":20},"7":{"loc":{"start":{"line":22,"column":75},"end":{"line":22,"column":326}},"type":"if","locations":[{"start":{"line":22,"column":75},"end":{"line":22,"column":326}},{"start":{"line":22,"column":75},"end":{"line":22,"column":326}}],"line":22},"8":{"loc":{"start":{"line":22,"column":163},"end":{"line":22,"column":292}},"type":"if","locations":[{"start":{"line":22,"column":163},"end":{"line":22,"column":292}},{"start":{"line":22,"column":163},"end":{"line":22,"column":292}}],"line":22},"9":{"loc":{"start":{"line":24,"column":91},"end":{"line":24,"column":131}},"type":"cond-expr","locations":[{"start":{"line":24,"column":114},"end":{"line":24,"column":126}},{"start":{"line":24,"column":129},"end":{"line":24,"column":131}}],"line":24},"10":{"loc":{"start":{"line":24,"column":133},"end":{"line":24,"column":515}},"type":"if","locations":[{"start":{"line":24,"column":133},"end":{"line":24,"column":515}},{"start":{"line":24,"column":133},"end":{"line":24,"column":515}}],"line":24},"11":{"loc":{"start":{"line":24,"column":255},"end":{"line":24,"column":515}},"type":"if","locations":[{"start":{"line":24,"column":255},"end":{"line":24,"column":515}},{"start":{"line":24,"column":255},"end":{"line":24,"column":515}}],"line":24},"12":{"loc":{"start":{"line":26,"column":44},"end":{"line":26,"column":195}},"type":"if","locations":[{"start":{"line":26,"column":44},"end":{"line":26,"column":195}},{"start":{"line":26,"column":44},"end":{"line":26,"column":195}}],"line":26},"13":{"loc":{"start":{"line":28,"column":51},"end":{"line":28,"column":355}},"type":"if","locations":[{"start":{"line":28,"column":51},"end":{"line":28,"column":355}},{"start":{"line":28,"column":51},"end":{"line":28,"column":355}}],"line":28},"14":{"loc":{"start":{"line":28,"column":55},"end":{"line":28,"column":122}},"type":"binary-expr","locations":[{"start":{"line":28,"column":55},"end":{"line":28,"column":83}},{"start":{"line":28,"column":87},"end":{"line":28,"column":122}}],"line":28},"15":{"loc":{"start":{"line":28,"column":232},"end":{"line":28,"column":349}},"type":"cond-expr","locations":[{"start":{"line":28,"column":328},"end":{"line":28,"column":336}},{"start":{"line":28,"column":339},"end":{"line":28,"column":349}}],"line":28},"16":{"loc":{"start":{"line":28,"column":232},"end":{"line":28,"column":325}},"type":"binary-expr","locations":[{"start":{"line":28,"column":232},"end":{"line":28,"column":235}},{"start":{"line":28,"column":239},"end":{"line":28,"column":267}},{"start":{"line":28,"column":271},"end":{"line":28,"column":297}},{"start":{"line":28,"column":301},"end":{"line":28,"column":325}}],"line":28},"17":{"loc":{"start":{"line":33,"column":2},"end":{"line":55,"column":3}},"type":"if","locations":[{"start":{"line":33,"column":2},"end":{"line":55,"column":3}},{"start":{"line":33,"column":2},"end":{"line":55,"column":3}}],"line":33},"18":{"loc":{"start":{"line":33,"column":6},"end":{"line":33,"column":42}},"type":"binary-expr","locations":[{"start":{"line":33,"column":6},"end":{"line":33,"column":12}},{"start":{"line":33,"column":16},"end":{"line":33,"column":42}}],"line":33},"19":{"loc":{"start":{"line":35,"column":9},"end":{"line":55,"column":3}},"type":"if","locations":[{"start":{"line":35,"column":9},"end":{"line":55,"column":3}},{"start":{"line":35,"column":9},"end":{"line":55,"column":3}}],"line":35},"20":{"loc":{"start":{"line":37,"column":9},"end":{"line":55,"column":3}},"type":"if","locations":[{"start":{"line":37,"column":9},"end":{"line":55,"column":3}},{"start":{"line":37,"column":9},"end":{"line":55,"column":3}}],"line":37},"21":{"loc":{"start":{"line":37,"column":13},"end":{"line":37,"column":49}},"type":"binary-expr","locations":[{"start":{"line":37,"column":13},"end":{"line":37,"column":18}},{"start":{"line":37,"column":22},"end":{"line":37,"column":49}}],"line":37},"22":{"loc":{"start":{"line":38,"column":4},"end":{"line":52,"column":5}},"type":"if","locations":[{"start":{"line":38,"column":4},"end":{"line":52,"column":5}},{"start":{"line":38,"column":4},"end":{"line":52,"column":5}}],"line":38},"23":{"loc":{"start":{"line":41,"column":6},"end":{"line":51,"column":7}},"type":"if","locations":[{"start":{"line":41,"column":6},"end":{"line":51,"column":7}},{"start":{"line":41,"column":6},"end":{"line":51,"column":7}}],"line":41},"24":{"loc":{"start":{"line":43,"column":13},"end":{"line":51,"column":7}},"type":"if","locations":[{"start":{"line":43,"column":13},"end":{"line":51,"column":7}},{"start":{"line":43,"column":13},"end":{"line":51,"column":7}}],"line":43},"25":{"loc":{"start":{"line":54,"column":11},"end":{"line":54,"column":34}},"type":"cond-expr","locations":[{"start":{"line":54,"column":19},"end":{"line":54,"column":29}},{"start":{"line":54,"column":32},"end":{"line":54,"column":34}}],"line":54},"26":{"loc":{"start":{"line":61,"column":2},"end":{"line":71,"column":3}},"type":"if","locations":[{"start":{"line":61,"column":2},"end":{"line":71,"column":3}},{"start":{"line":61,"column":2},"end":{"line":71,"column":3}}],"line":61},"27":{"loc":{"start":{"line":61,"column":6},"end":{"line":61,"column":40}},"type":"binary-expr","locations":[{"start":{"line":61,"column":6},"end":{"line":61,"column":31}},{"start":{"line":61,"column":35},"end":{"line":61,"column":40}}],"line":61},"28":{"loc":{"start":{"line":63,"column":9},"end":{"line":71,"column":3}},"type":"if","locations":[{"start":{"line":63,"column":9},"end":{"line":71,"column":3}},{"start":{"line":63,"column":9},"end":{"line":71,"column":3}}],"line":63},"29":{"loc":{"start":{"line":67,"column":9},"end":{"line":71,"column":3}},"type":"if","locations":[{"start":{"line":67,"column":9},"end":{"line":71,"column":3}},{"start":{"line":67,"column":9},"end":{"line":71,"column":3}}],"line":67},"30":{"loc":{"start":{"line":67,"column":13},"end":{"line":67,"column":61}},"type":"binary-expr","locations":[{"start":{"line":67,"column":13},"end":{"line":67,"column":18}},{"start":{"line":67,"column":22},"end":{"line":67,"column":49}},{"start":{"line":67,"column":53},"end":{"line":67,"column":61}}],"line":67},"31":{"loc":{"start":{"line":70,"column":11},"end":{"line":70,"column":29}},"type":"cond-expr","locations":[{"start":{"line":70,"column":19},"end":{"line":70,"column":25}},{"start":{"line":70,"column":28},"end":{"line":70,"column":29}}],"line":70},"32":{"loc":{"start":{"line":75,"column":2},"end":{"line":79,"column":3}},"type":"if","locations":[{"start":{"line":75,"column":2},"end":{"line":79,"column":3}},{"start":{"line":75,"column":2},"end":{"line":79,"column":3}}],"line":75},"33":{"loc":{"start":{"line":75,"column":6},"end":{"line":75,"column":68}},"type":"binary-expr","locations":[{"start":{"line":75,"column":6},"end":{"line":75,"column":33}},{"start":{"line":75,"column":37},"end":{"line":75,"column":68}}],"line":75},"34":{"loc":{"start":{"line":83,"column":2},"end":{"line":91,"column":3}},"type":"if","locations":[{"start":{"line":83,"column":2},"end":{"line":91,"column":3}},{"start":{"line":83,"column":2},"end":{"line":91,"column":3}}],"line":83},"35":{"loc":{"start":{"line":85,"column":9},"end":{"line":91,"column":3}},"type":"if","locations":[{"start":{"line":85,"column":9},"end":{"line":91,"column":3}},{"start":{"line":85,"column":9},"end":{"line":91,"column":3}}],"line":85},"36":{"loc":{"start":{"line":85,"column":13},"end":{"line":85,"column":49}},"type":"binary-expr","locations":[{"start":{"line":85,"column":13},"end":{"line":85,"column":40}},{"start":{"line":85,"column":44},"end":{"line":85,"column":49}}],"line":85},"37":{"loc":{"start":{"line":87,"column":9},"end":{"line":91,"column":3}},"type":"if","locations":[{"start":{"line":87,"column":9},"end":{"line":91,"column":3}},{"start":{"line":87,"column":9},"end":{"line":91,"column":3}}],"line":87},"38":{"loc":{"start":{"line":87,"column":13},"end":{"line":87,"column":63}},"type":"binary-expr","locations":[{"start":{"line":87,"column":13},"end":{"line":87,"column":18}},{"start":{"line":87,"column":22},"end":{"line":87,"column":48}},{"start":{"line":87,"column":52},"end":{"line":87,"column":63}}],"line":87},"39":{"loc":{"start":{"line":97,"column":2},"end":{"line":105,"column":3}},"type":"if","locations":[{"start":{"line":97,"column":2},"end":{"line":105,"column":3}},{"start":{"line":97,"column":2},"end":{"line":105,"column":3}}],"line":97},"40":{"loc":{"start":{"line":97,"column":8},"end":{"line":97,"column":58}},"type":"binary-expr","locations":[{"start":{"line":97,"column":8},"end":{"line":97,"column":13}},{"start":{"line":97,"column":17},"end":{"line":97,"column":43}},{"start":{"line":97,"column":47},"end":{"line":97,"column":58}}],"line":97},"41":{"loc":{"start":{"line":99,"column":9},"end":{"line":105,"column":3}},"type":"if","locations":[{"start":{"line":99,"column":9},"end":{"line":105,"column":3}},{"start":{"line":99,"column":9},"end":{"line":105,"column":3}}],"line":99},"42":{"loc":{"start":{"line":99,"column":13},"end":{"line":99,"column":52}},"type":"binary-expr","locations":[{"start":{"line":99,"column":13},"end":{"line":99,"column":40}},{"start":{"line":99,"column":44},"end":{"line":99,"column":52}}],"line":99},"43":{"loc":{"start":{"line":101,"column":9},"end":{"line":105,"column":3}},"type":"if","locations":[{"start":{"line":101,"column":9},"end":{"line":105,"column":3}},{"start":{"line":101,"column":9},"end":{"line":105,"column":3}}],"line":101},"44":{"loc":{"start":{"line":110,"column":18},"end":{"line":110,"column":88}},"type":"cond-expr","locations":[{"start":{"line":110,"column":71},"end":{"line":110,"column":83}},{"start":{"line":110,"column":86},"end":{"line":110,"column":88}}],"line":110},"45":{"loc":{"start":{"line":110,"column":18},"end":{"line":110,"column":68}},"type":"binary-expr","locations":[{"start":{"line":110,"column":18},"end":{"line":110,"column":38}},{"start":{"line":110,"column":42},"end":{"line":110,"column":68}}],"line":110},"46":{"loc":{"start":{"line":115,"column":22},"end":{"line":117,"column":14}},"type":"cond-expr","locations":[{"start":{"line":115,"column":61},"end":{"line":117,"column":6}},{"start":{"line":117,"column":9},"end":{"line":117,"column":14}}],"line":115}},"s":{"0":1,"1":1,"2":1,"3":1,"4":1,"5":3,"6":12,"7":0,"8":1,"9":1,"10":5,"11":5,"12":5,"13":5,"14":5,"15":5,"16":1,"17":1,"18":1,"19":0,"20":1,"21":2,"22":2,"23":2,"24":2,"25":2,"26":0,"27":2,"28":2,"29":2,"30":2,"31":2,"32":2,"33":2,"34":3,"35":0,"36":0,"37":0,"38":0,"39":2,"40":8,"41":0,"42":8,"43":8,"44":1,"45":1,"46":52,"47":0,"48":0,"49":1,"50":12,"51":12,"52":1,"53":11,"54":1,"55":10,"56":4,"57":2,"58":2,"59":1,"60":1,"61":1,"62":1,"63":3,"64":1,"65":3,"66":6,"67":26,"68":26,"69":1,"70":25,"71":4,"72":6,"73":21,"74":2,"75":19,"76":12,"77":3,"78":9,"79":12,"80":2,"81":10,"82":2,"83":8,"84":5,"85":3,"86":12,"87":12,"88":3,"89":9,"90":2,"91":7,"92":2,"93":5,"94":1,"95":12,"96":12,"97":12,"98":12,"99":12,"100":12,"101":12,"102":12,"103":12,"104":1,"105":12,"106":12,"107":12,"108":12,"109":12,"110":12,"111":12,"112":12,"113":12,"114":12,"115":12,"116":1,"117":1},"f":{"0":3,"1":12,"2":1,"3":1,"4":2,"5":0,"6":2,"7":3,"8":0,"9":8,"10":1,"11":52,"12":0,"13":12,"14":3,"15":3,"16":26,"17":6,"18":12,"19":12,"20":12,"21":1,"22":12,"23":12,"24":12,"25":12,"26":12,"27":12},"b":{"0":[0,3],"1":[3,3],"2":[0,12],"3":[5,5],"4":[5,0],"5":[1,0],"6":[0,1],"7":[2,0],"8":[2,0],"9":[2,0],"10":[2,0],"11":[0,0],"12":[0,8],"13":[1,0],"14":[1,1],"15":[0,0],"16":[0,0,0,0],"17":[1,11],"18":[12,5],"19":[1,10],"20":[4,6],"21":[10,7],"22":[2,2],"23":[1,1],"24":[1,0],"25":[3,3],"26":[1,25],"27":[26,2],"28":[4,21],"29":[2,19],"30":[21,14,2],"31":[12,7],"32":[3,9],"33":[12,5],"34":[2,10],"35":[2,8],"36":[10,3],"37":[5,3],"38":[8,5,4],"39":[3,9],"40":[12,5,4],"41":[2,7],"42":[9,4],"43":[2,5],"44":[0,12],"45":[12,0],"46":[0,12]},"_coverageSchema":"1a1c01bbd47fc00a2c39e90264f33305004495a9","hash":"353ba762da90dd6cc389855df0ac09fe21d74374"}
}
