{"D:\\UtilityDev\\type-insurance\\src\\index.js": {"path":"D:\\UtilityDev\\type-insurance\\src\\index.js","statementMap":{"0":{"start":{"line":6,"column":17},"end":{"line":6,"column":37}},"1":{"start":{"line":8,"column":1},"end":{"line":26,"column":2}},"2":{"start":{"line":9,"column":2},"end":{"line":9,"column":17}},"3":{"start":{"line":10,"column":8},"end":{"line":26,"column":2}},"4":{"start":{"line":11,"column":2},"end":{"line":11,"column":13}},"5":{"start":{"line":12,"column":8},"end":{"line":26,"column":2}},"6":{"start":{"line":13,"column":2},"end":{"line":23,"column":3}},"7":{"start":{"line":14,"column":3},"end":{"line":14,"column":13}},"8":{"start":{"line":16,"column":3},"end":{"line":22,"column":4}},"9":{"start":{"line":17,"column":4},"end":{"line":17,"column":35}},"10":{"start":{"line":18,"column":10},"end":{"line":22,"column":4}},"11":{"start":{"line":19,"column":19},"end":{"line":19,"column":39}},"12":{"start":{"line":20,"column":20},"end":{"line":20,"column":68}},"13":{"start":{"line":20,"column":53},"end":{"line":20,"column":67}},"14":{"start":{"line":21,"column":4},"end":{"line":21,"column":68}},"15":{"start":{"line":21,"column":36},"end":{"line":21,"column":52}},"16":{"start":{"line":25,"column":2},"end":{"line":25,"column":33}},"17":{"start":{"line":30,"column":17},"end":{"line":30,"column":37}},"18":{"start":{"line":32,"column":1},"end":{"line":40,"column":2}},"19":{"start":{"line":33,"column":2},"end":{"line":33,"column":70}},"20":{"start":{"line":34,"column":8},"end":{"line":40,"column":2}},"21":{"start":{"line":35,"column":2},"end":{"line":35,"column":66}},"22":{"start":{"line":35,"column":32},"end":{"line":35,"column":61}},"23":{"start":{"line":36,"column":8},"end":{"line":40,"column":2}},"24":{"start":{"line":37,"column":2},"end":{"line":37,"column":42}},"25":{"start":{"line":39,"column":2},"end":{"line":39,"column":28}},"26":{"start":{"line":44,"column":1},"end":{"line":48,"column":2}},"27":{"start":{"line":45,"column":2},"end":{"line":45,"column":15}},"28":{"start":{"line":47,"column":2},"end":{"line":47,"column":17}},"29":{"start":{"line":52,"column":1},"end":{"line":60,"column":2}},"30":{"start":{"line":53,"column":2},"end":{"line":53,"column":15}},"31":{"start":{"line":54,"column":8},"end":{"line":60,"column":2}},"32":{"start":{"line":55,"column":2},"end":{"line":55,"column":30}},"33":{"start":{"line":56,"column":8},"end":{"line":60,"column":2}},"34":{"start":{"line":57,"column":2},"end":{"line":57,"column":17}},"35":{"start":{"line":59,"column":2},"end":{"line":59,"column":12}},"36":{"start":{"line":64,"column":17},"end":{"line":64,"column":37}},"37":{"start":{"line":66,"column":1},"end":{"line":74,"column":2}},"38":{"start":{"line":67,"column":2},"end":{"line":67,"column":12}},"39":{"start":{"line":68,"column":8},"end":{"line":74,"column":2}},"40":{"start":{"line":69,"column":2},"end":{"line":69,"column":15}},"41":{"start":{"line":70,"column":8},"end":{"line":74,"column":2}},"42":{"start":{"line":71,"column":2},"end":{"line":71,"column":20}},"43":{"start":{"line":73,"column":2},"end":{"line":73,"column":31}},"44":{"start":{"line":79,"column":2},"end":{"line":79,"column":21}},"45":{"start":{"line":81,"column":2},"end":{"line":82,"column":56}},"46":{"start":{"line":84,"column":2},"end":{"line":84,"column":31}},"47":{"start":{"line":85,"column":2},"end":{"line":85,"column":31}},"48":{"start":{"line":86,"column":2},"end":{"line":86,"column":33}},"49":{"start":{"line":87,"column":2},"end":{"line":87,"column":29}},"50":{"start":{"line":88,"column":2},"end":{"line":88,"column":31}},"51":{"start":{"line":92,"column":18},"end":{"line":92,"column":22}},"52":{"start":{"line":93,"column":2},"end":{"line":93,"column":27}},"53":{"start":{"line":97,"column":18},"end":{"line":97,"column":22}},"54":{"start":{"line":98,"column":2},"end":{"line":98,"column":27}},"55":{"start":{"line":102,"column":18},"end":{"line":102,"column":22}},"56":{"start":{"line":103,"column":2},"end":{"line":103,"column":28}},"57":{"start":{"line":107,"column":18},"end":{"line":107,"column":22}},"58":{"start":{"line":108,"column":2},"end":{"line":108,"column":26}},"59":{"start":{"line":112,"column":30},"end":{"line":112,"column":34}},"60":{"start":{"line":113,"column":2},"end":{"line":113,"column":39}}},"fnMap":{"0":{"name":"castString","decl":{"start":{"line":5,"column":9},"end":{"line":5,"column":19}},"loc":{"start":{"line":5,"column":27},"end":{"line":27,"column":1}},"line":5},"1":{"name":"(anonymous_1)","decl":{"start":{"line":20,"column":43},"end":{"line":20,"column":44}},"loc":{"start":{"line":20,"column":53},"end":{"line":20,"column":67}},"line":20},"2":{"name":"(anonymous_2)","decl":{"start":{"line":21,"column":27},"end":{"line":21,"column":28}},"loc":{"start":{"line":21,"column":36},"end":{"line":21,"column":52}},"line":21},"3":{"name":"castNumber","decl":{"start":{"line":29,"column":9},"end":{"line":29,"column":19}},"loc":{"start":{"line":29,"column":27},"end":{"line":41,"column":1}},"line":29},"4":{"name":"(anonymous_4)","decl":{"start":{"line":35,"column":22},"end":{"line":35,"column":23}},"loc":{"start":{"line":35,"column":32},"end":{"line":35,"column":61}},"line":35},"5":{"name":"castBoolean","decl":{"start":{"line":43,"column":9},"end":{"line":43,"column":20}},"loc":{"start":{"line":43,"column":28},"end":{"line":49,"column":1}},"line":43},"6":{"name":"castArray","decl":{"start":{"line":51,"column":9},"end":{"line":51,"column":18}},"loc":{"start":{"line":51,"column":26},"end":{"line":61,"column":1}},"line":51},"7":{"name":"castObject","decl":{"start":{"line":63,"column":9},"end":{"line":63,"column":19}},"loc":{"start":{"line":63,"column":39},"end":{"line":75,"column":1}},"line":63},"8":{"name":"(anonymous_8)","decl":{"start":{"line":78,"column":1},"end":{"line":78,"column":2}},"loc":{"start":{"line":78,"column":34},"end":{"line":89,"column":2}},"line":78},"9":{"name":"(anonymous_9)","decl":{"start":{"line":91,"column":1},"end":{"line":91,"column":2}},"loc":{"start":{"line":91,"column":11},"end":{"line":94,"column":2}},"line":91},"10":{"name":"(anonymous_10)","decl":{"start":{"line":96,"column":1},"end":{"line":96,"column":2}},"loc":{"start":{"line":96,"column":11},"end":{"line":99,"column":2}},"line":96},"11":{"name":"(anonymous_11)","decl":{"start":{"line":101,"column":1},"end":{"line":101,"column":2}},"loc":{"start":{"line":101,"column":12},"end":{"line":104,"column":2}},"line":101},"12":{"name":"(anonymous_12)","decl":{"start":{"line":106,"column":1},"end":{"line":106,"column":2}},"loc":{"start":{"line":106,"column":10},"end":{"line":109,"column":2}},"line":106},"13":{"name":"(anonymous_13)","decl":{"start":{"line":111,"column":1},"end":{"line":111,"column":2}},"loc":{"start":{"line":111,"column":11},"end":{"line":114,"column":2}},"line":111}},"branchMap":{"0":{"loc":{"start":{"line":8,"column":1},"end":{"line":26,"column":2}},"type":"if","locations":[{"start":{"line":8,"column":1},"end":{"line":26,"column":2}},{"start":{"line":8,"column":1},"end":{"line":26,"column":2}}],"line":8},"1":{"loc":{"start":{"line":8,"column":4},"end":{"line":8,"column":40}},"type":"binary-expr","locations":[{"start":{"line":8,"column":4},"end":{"line":8,"column":10}},{"start":{"line":8,"column":14},"end":{"line":8,"column":40}}],"line":8},"2":{"loc":{"start":{"line":10,"column":8},"end":{"line":26,"column":2}},"type":"if","locations":[{"start":{"line":10,"column":8},"end":{"line":26,"column":2}},{"start":{"line":10,"column":8},"end":{"line":26,"column":2}}],"line":10},"3":{"loc":{"start":{"line":12,"column":8},"end":{"line":26,"column":2}},"type":"if","locations":[{"start":{"line":12,"column":8},"end":{"line":26,"column":2}},{"start":{"line":12,"column":8},"end":{"line":26,"column":2}}],"line":12},"4":{"loc":{"start":{"line":12,"column":11},"end":{"line":12,"column":45}},"type":"binary-expr","locations":[{"start":{"line":12,"column":11},"end":{"line":12,"column":16}},{"start":{"line":12,"column":20},"end":{"line":12,"column":45}}],"line":12},"5":{"loc":{"start":{"line":13,"column":2},"end":{"line":23,"column":3}},"type":"if","locations":[{"start":{"line":13,"column":2},"end":{"line":23,"column":3}},{"start":{"line":13,"column":2},"end":{"line":23,"column":3}}],"line":13},"6":{"loc":{"start":{"line":16,"column":3},"end":{"line":22,"column":4}},"type":"if","locations":[{"start":{"line":16,"column":3},"end":{"line":22,"column":4}},{"start":{"line":16,"column":3},"end":{"line":22,"column":4}}],"line":16},"7":{"loc":{"start":{"line":18,"column":10},"end":{"line":22,"column":4}},"type":"if","locations":[{"start":{"line":18,"column":10},"end":{"line":22,"column":4}},{"start":{"line":18,"column":10},"end":{"line":22,"column":4}}],"line":18},"8":{"loc":{"start":{"line":25,"column":9},"end":{"line":25,"column":32}},"type":"cond-expr","locations":[{"start":{"line":25,"column":17},"end":{"line":25,"column":27}},{"start":{"line":25,"column":30},"end":{"line":25,"column":32}}],"line":25},"9":{"loc":{"start":{"line":32,"column":1},"end":{"line":40,"column":2}},"type":"if","locations":[{"start":{"line":32,"column":1},"end":{"line":40,"column":2}},{"start":{"line":32,"column":1},"end":{"line":40,"column":2}}],"line":32},"10":{"loc":{"start":{"line":32,"column":4},"end":{"line":32,"column":38}},"type":"binary-expr","locations":[{"start":{"line":32,"column":4},"end":{"line":32,"column":29}},{"start":{"line":32,"column":33},"end":{"line":32,"column":38}}],"line":32},"11":{"loc":{"start":{"line":34,"column":8},"end":{"line":40,"column":2}},"type":"if","locations":[{"start":{"line":34,"column":8},"end":{"line":40,"column":2}},{"start":{"line":34,"column":8},"end":{"line":40,"column":2}}],"line":34},"12":{"loc":{"start":{"line":36,"column":8},"end":{"line":40,"column":2}},"type":"if","locations":[{"start":{"line":36,"column":8},"end":{"line":40,"column":2}},{"start":{"line":36,"column":8},"end":{"line":40,"column":2}}],"line":36},"13":{"loc":{"start":{"line":36,"column":11},"end":{"line":36,"column":57}},"type":"binary-expr","locations":[{"start":{"line":36,"column":11},"end":{"line":36,"column":16}},{"start":{"line":36,"column":20},"end":{"line":36,"column":45}},{"start":{"line":36,"column":49},"end":{"line":36,"column":57}}],"line":36},"14":{"loc":{"start":{"line":39,"column":9},"end":{"line":39,"column":27}},"type":"cond-expr","locations":[{"start":{"line":39,"column":17},"end":{"line":39,"column":23}},{"start":{"line":39,"column":26},"end":{"line":39,"column":27}}],"line":39},"15":{"loc":{"start":{"line":44,"column":1},"end":{"line":48,"column":2}},"type":"if","locations":[{"start":{"line":44,"column":1},"end":{"line":48,"column":2}},{"start":{"line":44,"column":1},"end":{"line":48,"column":2}}],"line":44},"16":{"loc":{"start":{"line":44,"column":4},"end":{"line":44,"column":47}},"type":"binary-expr","locations":[{"start":{"line":44,"column":4},"end":{"line":44,"column":29}},{"start":{"line":44,"column":33},"end":{"line":44,"column":47}}],"line":44},"17":{"loc":{"start":{"line":52,"column":1},"end":{"line":60,"column":2}},"type":"if","locations":[{"start":{"line":52,"column":1},"end":{"line":60,"column":2}},{"start":{"line":52,"column":1},"end":{"line":60,"column":2}}],"line":52},"18":{"loc":{"start":{"line":54,"column":8},"end":{"line":60,"column":2}},"type":"if","locations":[{"start":{"line":54,"column":8},"end":{"line":60,"column":2}},{"start":{"line":54,"column":8},"end":{"line":60,"column":2}}],"line":54},"19":{"loc":{"start":{"line":54,"column":11},"end":{"line":54,"column":45}},"type":"binary-expr","locations":[{"start":{"line":54,"column":11},"end":{"line":54,"column":36}},{"start":{"line":54,"column":40},"end":{"line":54,"column":45}}],"line":54},"20":{"loc":{"start":{"line":56,"column":8},"end":{"line":60,"column":2}},"type":"if","locations":[{"start":{"line":56,"column":8},"end":{"line":60,"column":2}},{"start":{"line":56,"column":8},"end":{"line":60,"column":2}}],"line":56},"21":{"loc":{"start":{"line":56,"column":11},"end":{"line":56,"column":61}},"type":"binary-expr","locations":[{"start":{"line":56,"column":11},"end":{"line":56,"column":16}},{"start":{"line":56,"column":20},"end":{"line":56,"column":46}},{"start":{"line":56,"column":50},"end":{"line":56,"column":61}}],"line":56},"22":{"loc":{"start":{"line":66,"column":1},"end":{"line":74,"column":2}},"type":"if","locations":[{"start":{"line":66,"column":1},"end":{"line":74,"column":2}},{"start":{"line":66,"column":1},"end":{"line":74,"column":2}}],"line":66},"23":{"loc":{"start":{"line":66,"column":6},"end":{"line":66,"column":56}},"type":"binary-expr","locations":[{"start":{"line":66,"column":6},"end":{"line":66,"column":11}},{"start":{"line":66,"column":15},"end":{"line":66,"column":41}},{"start":{"line":66,"column":45},"end":{"line":66,"column":56}}],"line":66},"24":{"loc":{"start":{"line":68,"column":8},"end":{"line":74,"column":2}},"type":"if","locations":[{"start":{"line":68,"column":8},"end":{"line":74,"column":2}},{"start":{"line":68,"column":8},"end":{"line":74,"column":2}}],"line":68},"25":{"loc":{"start":{"line":68,"column":11},"end":{"line":68,"column":48}},"type":"binary-expr","locations":[{"start":{"line":68,"column":11},"end":{"line":68,"column":36}},{"start":{"line":68,"column":40},"end":{"line":68,"column":48}}],"line":68},"26":{"loc":{"start":{"line":70,"column":8},"end":{"line":74,"column":2}},"type":"if","locations":[{"start":{"line":70,"column":8},"end":{"line":74,"column":2}},{"start":{"line":70,"column":8},"end":{"line":74,"column":2}}],"line":70},"27":{"loc":{"start":{"line":78,"column":20},"end":{"line":78,"column":32}},"type":"default-arg","locations":[{"start":{"line":78,"column":30},"end":{"line":78,"column":32}}],"line":78},"28":{"loc":{"start":{"line":81,"column":20},"end":{"line":82,"column":55}},"type":"cond-expr","locations":[{"start":{"line":82,"column":3},"end":{"line":82,"column":47}},{"start":{"line":82,"column":50},"end":{"line":82,"column":55}}],"line":81}},"s":{"0":12,"1":12,"2":1,"3":11,"4":1,"5":10,"6":4,"7":2,"8":2,"9":1,"10":1,"11":1,"12":1,"13":3,"14":1,"15":3,"16":6,"17":26,"18":26,"19":1,"20":25,"21":4,"22":6,"23":21,"24":2,"25":19,"26":12,"27":3,"28":9,"29":12,"30":2,"31":10,"32":2,"33":8,"34":5,"35":3,"36":12,"37":12,"38":3,"39":9,"40":2,"41":7,"42":2,"43":5,"44":12,"45":12,"46":12,"47":12,"48":12,"49":12,"50":12,"51":12,"52":12,"53":12,"54":12,"55":12,"56":12,"57":12,"58":12,"59":12,"60":12},"f":{"0":12,"1":3,"2":3,"3":26,"4":6,"5":12,"6":12,"7":12,"8":12,"9":12,"10":12,"11":12,"12":12,"13":12},"b":{"0":[1,11],"1":[12,5],"2":[1,10],"3":[4,6],"4":[10,7],"5":[2,2],"6":[1,1],"7":[1,0],"8":[3,3],"9":[1,25],"10":[26,2],"11":[4,21],"12":[2,19],"13":[21,14,2],"14":[12,7],"15":[3,9],"16":[12,5],"17":[2,10],"18":[2,8],"19":[10,3],"20":[5,3],"21":[8,5,4],"22":[3,9],"23":[12,5,4],"24":[2,7],"25":[9,4],"26":[2,5],"27":[12],"28":[0,12]},"_coverageSchema":"1a1c01bbd47fc00a2c39e90264f33305004495a9","hash":"0432c212fcd61498f29477bea9da686cd3a58481"}
}
