TN:
SF:index.js
FN:14,_interopRequireDefault
FN:16,_classCallCheck
FN:18,_defineProperties
FN:20,_createClass
FN:22,ownKeys
FN:22,(anonymous_5)
FN:24,_objectSpread
FN:24,(anonymous_7)
FN:24,(anonymous_8)
FN:26,_defineProperty
FN:28,_typeof
FN:28,_typeof
FN:28,_typeof
FN:30,castString
FN:45,(anonymous_14)
FN:48,(anonymous_15)
FN:58,castNumber
FN:64,(anonymous_17)
FN:74,castBoolean
FN:82,castArray
FN:94,castObject
FN:108,(anonymous_21)
FN:109,TypeInsurance
FN:127,_string
FN:133,_number
FN:139,_boolean
FN:145,_array
FN:151,_object
FNF:28
FNH:25
FNDA:3,_interopRequireDefault
FNDA:12,_classCallCheck
FNDA:1,_defineProperties
FNDA:1,_createClass
FNDA:2,ownKeys
FNDA:0,(anonymous_5)
FNDA:2,_objectSpread
FNDA:3,(anonymous_7)
FNDA:0,(anonymous_8)
FNDA:8,_defineProperty
FNDA:1,_typeof
FNDA:52,_typeof
FNDA:0,_typeof
FNDA:12,castString
FNDA:3,(anonymous_14)
FNDA:3,(anonymous_15)
FNDA:26,castNumber
FNDA:6,(anonymous_17)
FNDA:12,castBoolean
FNDA:12,castArray
FNDA:12,castObject
FNDA:1,(anonymous_21)
FNDA:12,TypeInsurance
FNDA:12,_string
FNDA:12,_number
FNDA:12,_boolean
FNDA:12,_array
FNDA:12,_object
DA:3,1
DA:6,1
DA:8,1
DA:10,1
DA:12,1
DA:14,3
DA:16,12
DA:18,5
DA:20,1
DA:22,2
DA:24,3
DA:26,8
DA:28,52
DA:31,12
DA:33,12
DA:34,1
DA:35,11
DA:36,1
DA:37,10
DA:38,4
DA:39,2
DA:41,2
DA:42,1
DA:43,1
DA:44,1
DA:45,1
DA:46,3
DA:48,1
DA:49,3
DA:54,6
DA:59,26
DA:61,26
DA:62,1
DA:63,25
DA:64,4
DA:65,6
DA:67,21
DA:68,2
DA:70,19
DA:75,12
DA:76,3
DA:78,9
DA:83,12
DA:84,2
DA:85,10
DA:86,2
DA:87,8
DA:88,5
DA:90,3
DA:95,12
DA:97,12
DA:98,3
DA:99,9
DA:100,2
DA:101,7
DA:102,2
DA:104,5
DA:108,1
DA:110,12
DA:112,12
DA:114,12
DA:115,12
DA:118,12
DA:119,12
DA:120,12
DA:121,12
DA:122,12
DA:125,1
DA:128,12
DA:129,12
DA:134,12
DA:135,12
DA:140,12
DA:141,12
DA:146,12
DA:147,12
DA:152,12
DA:153,12
DA:154,12
DA:158,1
DA:161,1
LF:81
LH:81
BRDA:14,0,0,0
BRDA:14,0,1,3
BRDA:14,1,0,3
BRDA:14,1,1,3
BRDA:16,2,0,0
BRDA:16,2,1,12
BRDA:18,3,0,5
BRDA:18,3,1,5
BRDA:18,4,0,5
BRDA:18,4,1,0
BRDA:20,5,0,1
BRDA:20,5,1,0
BRDA:20,6,0,0
BRDA:20,6,1,1
BRDA:22,7,0,2
BRDA:22,7,1,0
BRDA:22,8,0,2
BRDA:22,8,1,0
BRDA:24,9,0,2
BRDA:24,9,1,0
BRDA:24,10,0,2
BRDA:24,10,1,0
BRDA:24,11,0,0
BRDA:24,11,1,0
BRDA:26,12,0,0
BRDA:26,12,1,8
BRDA:28,13,0,1
BRDA:28,13,1,0
BRDA:28,14,0,1
BRDA:28,14,1,1
BRDA:28,15,0,0
BRDA:28,15,1,0
BRDA:28,16,0,0
BRDA:28,16,1,0
BRDA:28,16,2,0
BRDA:28,16,3,0
BRDA:33,17,0,1
BRDA:33,17,1,11
BRDA:33,18,0,12
BRDA:33,18,1,5
BRDA:35,19,0,1
BRDA:35,19,1,10
BRDA:37,20,0,4
BRDA:37,20,1,6
BRDA:37,21,0,10
BRDA:37,21,1,7
BRDA:38,22,0,2
BRDA:38,22,1,2
BRDA:41,23,0,1
BRDA:41,23,1,1
BRDA:43,24,0,1
BRDA:43,24,1,0
BRDA:54,25,0,3
BRDA:54,25,1,3
BRDA:61,26,0,1
BRDA:61,26,1,25
BRDA:61,27,0,26
BRDA:61,27,1,2
BRDA:63,28,0,4
BRDA:63,28,1,21
BRDA:67,29,0,2
BRDA:67,29,1,19
BRDA:67,30,0,21
BRDA:67,30,1,14
BRDA:67,30,2,2
BRDA:70,31,0,12
BRDA:70,31,1,7
BRDA:75,32,0,3
BRDA:75,32,1,9
BRDA:75,33,0,12
BRDA:75,33,1,5
BRDA:83,34,0,2
BRDA:83,34,1,10
BRDA:85,35,0,2
BRDA:85,35,1,8
BRDA:85,36,0,10
BRDA:85,36,1,3
BRDA:87,37,0,5
BRDA:87,37,1,3
BRDA:87,38,0,8
BRDA:87,38,1,5
BRDA:87,38,2,4
BRDA:97,39,0,3
BRDA:97,39,1,9
BRDA:97,40,0,12
BRDA:97,40,1,5
BRDA:97,40,2,4
BRDA:99,41,0,2
BRDA:99,41,1,7
BRDA:99,42,0,9
BRDA:99,42,1,4
BRDA:101,43,0,2
BRDA:101,43,1,5
BRDA:110,44,0,0
BRDA:110,44,1,12
BRDA:110,45,0,12
BRDA:110,45,1,0
BRDA:115,46,0,0
BRDA:115,46,1,12
BRF:99
BRH:76
end_of_record
