TN:
SF:src\index.js
FN:5,castString
FN:20,(anonymous_1)
FN:21,(anonymous_2)
FN:29,castNumber
FN:35,(anonymous_4)
FN:43,castBoolean
FN:51,castArray
FN:63,castObject
FN:78,(anonymous_8)
FN:91,(anonymous_9)
FN:96,(anonymous_10)
FN:101,(anonymous_11)
FN:106,(anonymous_12)
FN:111,(anonymous_13)
FNF:14
FNH:14
FNDA:12,castString
FNDA:3,(anonymous_1)
FNDA:3,(anonymous_2)
FNDA:26,castNumber
FNDA:6,(anonymous_4)
FNDA:12,castBoolean
FNDA:12,castArray
FNDA:12,castObject
FNDA:12,(anonymous_8)
FNDA:12,(anonymous_9)
FNDA:12,(anonymous_10)
FNDA:12,(anonymous_11)
FNDA:12,(anonymous_12)
FNDA:12,(anonymous_13)
DA:6,12
DA:8,12
DA:9,1
DA:10,11
DA:11,1
DA:12,10
DA:13,4
DA:14,2
DA:16,2
DA:17,1
DA:18,1
DA:19,1
DA:20,3
DA:21,3
DA:25,6
DA:30,26
DA:32,26
DA:33,1
DA:34,25
DA:35,6
DA:36,21
DA:37,2
DA:39,19
DA:44,12
DA:45,3
DA:47,9
DA:52,12
DA:53,2
DA:54,10
DA:55,2
DA:56,8
DA:57,5
DA:59,3
DA:64,12
DA:66,12
DA:67,3
DA:68,9
DA:69,2
DA:70,7
DA:71,2
DA:73,5
DA:79,12
DA:81,12
DA:84,12
DA:85,12
DA:86,12
DA:87,12
DA:88,12
DA:92,12
DA:93,12
DA:97,12
DA:98,12
DA:102,12
DA:103,12
DA:107,12
DA:108,12
DA:112,12
DA:113,12
LF:58
LH:58
BRDA:8,0,0,1
BRDA:8,0,1,11
BRDA:8,1,0,12
BRDA:8,1,1,5
BRDA:10,2,0,1
BRDA:10,2,1,10
BRDA:12,3,0,4
BRDA:12,3,1,6
BRDA:12,4,0,10
BRDA:12,4,1,7
BRDA:13,5,0,2
BRDA:13,5,1,2
BRDA:16,6,0,1
BRDA:16,6,1,1
BRDA:18,7,0,1
BRDA:18,7,1,0
BRDA:25,8,0,3
BRDA:25,8,1,3
BRDA:32,9,0,1
BRDA:32,9,1,25
BRDA:32,10,0,26
BRDA:32,10,1,2
BRDA:34,11,0,4
BRDA:34,11,1,21
BRDA:36,12,0,2
BRDA:36,12,1,19
BRDA:36,13,0,21
BRDA:36,13,1,14
BRDA:36,13,2,2
BRDA:39,14,0,12
BRDA:39,14,1,7
BRDA:44,15,0,3
BRDA:44,15,1,9
BRDA:44,16,0,12
BRDA:44,16,1,5
BRDA:52,17,0,2
BRDA:52,17,1,10
BRDA:54,18,0,2
BRDA:54,18,1,8
BRDA:54,19,0,10
BRDA:54,19,1,3
BRDA:56,20,0,5
BRDA:56,20,1,3
BRDA:56,21,0,8
BRDA:56,21,1,5
BRDA:56,21,2,4
BRDA:66,22,0,3
BRDA:66,22,1,9
BRDA:66,23,0,12
BRDA:66,23,1,5
BRDA:66,23,2,4
BRDA:68,24,0,2
BRDA:68,24,1,7
BRDA:68,25,0,9
BRDA:68,25,1,4
BRDA:70,26,0,2
BRDA:70,26,1,5
BRDA:78,27,0,12
BRDA:81,28,0,0
BRDA:81,28,1,12
BRF:60
BRH:58
end_of_record
